<?xml version="1.0" encoding="UTF-8"?>
<!-- Generated by org.testng.reporters.JUnitReportReporter -->
<testsuite hostname="CHAITRA" failures="0" tests="1" name="scripts.Test4" time="0.012" errors="0" timestamp="2023-06-28T23:40:08 BST" skipped="0">
  <testcase classname="scripts.Test4" name="tc4" time="0.012"/>
  <system-out>
    <![CDATA[Hello Python Selenium]]>
  </system-out>
</testsuite> <!-- scripts.Test4 -->
