<?xml version="1.0" encoding="UTF-8"?>
<!-- Generated by org.testng.reporters.JUnitReportReporter -->
<testsuite hostname="CHAITRA" failures="0" tests="1" name="scripts.Test1" time="0.011" errors="0" timestamp="2023-06-28T19:35:48 BST" skipped="0">
  <testcase classname="scripts.Test1" name="tc1" time="0.011"/>
  <system-out>
    <![CDATA[Hello Java]]>
  </system-out>
</testsuite> <!-- scripts.Test1 -->
