<?xml version="1.0" encoding="UTF-8"?>
<!-- Generated by org.testng.reporters.JUnitReportReporter -->
<testsuite hostname="CHAITRA" failures="0" tests="1" name="scripts.Test5" time="0.002" errors="0" timestamp="2023-06-28T23:37:17 BST" skipped="0">
  <testcase classname="scripts.Test5" name="tc4" time="0.002"/>
  <system-out>
    <![CDATA[Hello Manual Testing]]>
  </system-out>
</testsuite> <!-- scripts.Test5 -->
