<?xml version="1.0" encoding="UTF-8"?>
<!-- Generated by org.testng.reporters.JUnitReportReporter -->
<testsuite hostname="CHAITRA" failures="0" tests="1" name="scripts.Test2" time="0.003" errors="0" timestamp="2023-06-28T19:35:48 BST" skipped="0">
  <testcase classname="scripts.Test2" name="tc2" time="0.003"/>
  <system-out>
    <![CDATA[Hello Selenium]]>
  </system-out>
</testsuite> <!-- scripts.Test2 -->
